### ISSUE TITLE
Null pointer dereference in decode_R13_R2000

### ISSUE THREAD

**Issue by hac425xxx** [LibreDWG/libredwg#158]
The crash context in gdb

```
pwndbg> r
Starting program: /home/xxxxxx/workplace/libredwg-0.9.2376/examples/.libs/dwg2svg2 poc.dwg

Program received signal SIGSEGV, Segmentation fault.
0x00007ffff793bd84 in decode_R13_R2000 (dat=dat@entry=0x7fffffffdee0, dwg=dwg@entry=0x6032a0 <g_dwg>) at decode.c:1109
1109	      if (strEQc ((const char *)klass->dxfname, "LAYOUT"))
LEGEND: STACK | HEAP | CODE | DATA | RWX | RODATA
───────────────────────────────────────────────────────────────────────────────[ REGISTERS ]────────────────────────────────────────────────────────────────────────────────
 RAX  0x100
 RBX  0x60bc70 ◂— 0x100f4f4
 RCX  0x7
 RDX  0x100
 RDI  0x7ffff7b4cde6 ◂— pop    r9 /* 'LAYOUT' */
 RSI  0x0
 R8   0x5
 R9   0x7ffff74207b8 (main_arena+88) —▸ 0x60bcb0 ◂— 0x0
 R10  0x0
 R11  0x7ffff70e1200 (free+224) ◂— mov    rdx, rdi
 R12  0x7
 R13  0x60a1b8 ◂— 0xa00000000000000
 R14  0x7fffffffdee0 —▸ 0x605250 ◂— 0x1500323130314341 /* 'AC1012' */
 R15  0x6032a0 (g_dwg) ◂— 0xb0000000b /* '\x0b' */
 RBP  0x1e002113
 RSP  0x7fffffffdd00 —▸ 0x7ffff706e0a8 ◂— in     eax, dx
 RIP  0x7ffff793bd84 (decode_R13_R2000+4228) ◂— repe cmpsb byte ptr [rsi], byte ptr [rdi]
─────────────────────────────────────────────────────────────────────────────────[ DISASM ]─────────────────────────────────────────────────────────────────────────────────
 ► 0x7ffff793bd84 <decode_R13_R2000+4228>    repe cmpsb byte ptr [rsi], byte ptr [rdi]
   0x7ffff793bd86 <decode_R13_R2000+4230>    jne    decode_R13_R2000+4242 <0x7ffff793bd92>
    ↓
   0x7ffff793bd92 <decode_R13_R2000+4242>    movzx  eax, word ptr [r15 + 0xc40]
   0x7ffff793bd9a <decode_R13_R2000+4250>    lea    edx, [rax + 1]
   0x7ffff793bd9d <decode_R13_R2000+4253>    cmp    dx, 0x1f4
   0x7ffff793bda2 <decode_R13_R2000+4258>    mov    word ptr [r15 + 0xc40], dx
   0x7ffff793bdaa <decode_R13_R2000+4266>    ja     decode_R13_R2000+5434 <0x7ffff793c23a>
    ↓
   0x7ffff793c23a <decode_R13_R2000+5434>    mov    eax, dword ptr [rip + 0x49b7bc] <0x7ffff7dd79fc>
   0x7ffff793c240 <decode_R13_R2000+5440>    test   eax, eax
   0x7ffff793c242 <decode_R13_R2000+5442>    je     decode_R13_R2000+5503 <0x7ffff793c27f>
    ↓
   0x7ffff793c27f <decode_R13_R2000+5503>    mov    rax, qword ptr [r15 + 0x40]
─────────────────────────────────────────────────────────────────────────────[ SOURCE (CODE) ]──────────────────────────────────────────────────────────────────────────────
In file: /home/xxx/workplace/libredwg-0.9.2376/src/decode.c
   1104             klass->num_instances, klass->dwg_version, klass->maint_version,
   1105             klass->unknown_1, klass->unknown_2);
   1106       }
   1107 #endif
   1108 
 ► 1109       if (strEQc ((const char *)klass->dxfname, "LAYOUT"))
   1110         dwg->layout_type = klass->number;
   1111 
   1112       dwg->num_classes++;
   1113       if (dwg->num_classes > 500)
   1114         {
─────────────────────────────────────────────────────────────────────────────────[ STACK ]──────────────────────────────────────────────────────────────────────────────────
00:0000│ rsp  0x7fffffffdd00 —▸ 0x7ffff706e0a8 ◂— in     eax, dx
01:0008│      0x7fffffffdd08 —▸ 0x7ffff7ff79e0 —▸ 0x7ffff705e000 ◂— jg     0x7ffff705e047
02:0010│      0x7fffffffdd10 ◂— 0x5
03:0018│      0x7fffffffdd18 ◂— 0x35 /* '5' */
04:0020│      0x7fffffffdd20 —▸ 0x7fffffffdd80 —▸ 0x7ffff7b4cbae ◂— movsxd rax, dword ptr [r10 + 0x3a] /* 'AcDb:Header' */
... ↓
06:0030│      0x7fffffffdd30 ◂— 0x5bffffdd90
07:0038│      0x7fffffffdd38 ◂— 0x0
───────────────────────────────────────────────────────────────────────────────[ BACKTRACE ]────────────────────────────────────────────────────────────────────────────────
 ► f 0     7ffff793bd84 decode_R13_R2000+4228
   f 1     7ffff79484cb dwg_decode+2315
   f 2     7ffff77f14bb dwg_read_file+491
   f 3           4014ee main+510
   f 4           4014ee main+510
   f 5     7ffff707ff45 __libc_start_main+245
────────────────────────────────────────────────────────────────────────────────────────────────────────────────────────────────────────────────────────────────────────────
Program received signal SIGSEGV (fault address 0x0)
pwndbg> p klass->dxfname
$1 = 0x0
pwndbg> 

```

The poc

```
https://github.com/hac425xxx/fuzzdata/blob/master/null-ptr-poc.dwg
```
