### ISSUE TITLE
Null pointer dereference in libredwg 0.9.2400

### ISSUE THREAD

**Issue by hac425xxx** [LibreDWG/libredwg#163]
crash context  in gdb

```
pwndbg> r
Starting program: /home/xxx/workplace/libredwg-0.9.2400/examples/.libs/dwg2svg2 libredwg2400-null-ptr-dereference.dwg

Program received signal SIGSEGV, Segmentation fault.
0x00007ffff776c904 in check_POLYLINE_handles (obj=obj@entry=0x60d6e0) at decode.c:4210
4210                Dwg_Object_Ref *vertex = _obj->vertex[0];
LEGEND: STACK | HEAP | CODE | DATA | RWX | RODATA
───────────────────────────────────────────────────────────────────────────────[ REGISTERS ]────────────────────────────────────────────────────────────────────────────────
 RAX  0x0
 RBX  0x6032a0 (g_dwg) ◂— 0x1200000012
 RCX  0xc60
 RDX  0x0
 RDI  0x60d6e0 ◂— 0x18c
 RSI  0x4
 R8   0x6
 R9   0x61649b ◂— 0x61004c0079004207
 R10  0x7fffffffd830 —▸ 0x7fffffffda70 —▸ 0x61649b ◂— 0x61004c0079004207
 R11  0x7ffff7916980 (dwg_add_POLYLINE_PFACE) ◂— push   rbp
 R12  0x612fd0 —▸ 0x612eb0 ◂— 0x1a
 R13  0x0
 R14  0x6032a0 (g_dwg) ◂— 0x1200000012
 R15  0x0
 RBP  0x60d6e0 ◂— 0x18c
 RSP  0x7fffffffdb10 ◂— 0x0
 RIP  0x7ffff776c904 (check_POLYLINE_handles+196) ◂— mov    r13, qword ptr [rax]
─────────────────────────────────────────────────────────────────────────────────[ DISASM ]─────────────────────────────────────────────────────────────────────────────────
 ► 0x7ffff776c904 <check_POLYLINE_handles+196>    mov    r13, qword ptr [rax]
   0x7ffff776c907 <check_POLYLINE_handles+199>    test   r13, r13
   0x7ffff776c90a <check_POLYLINE_handles+202>    je     check_POLYLINE_handles+340 <0x7ffff776c994>
    ↓
   0x7ffff776c994 <check_POLYLINE_handles+340>    xor    ebx, ebx
   0x7ffff776c996 <check_POLYLINE_handles+342>    test   r15, r15
   0x7ffff776c999 <check_POLYLINE_handles+345>    je     check_POLYLINE_handles+354 <0x7ffff776c9a2>
    ↓
   0x7ffff776c9a2 <check_POLYLINE_handles+354>    cmp    dword ptr [rip + 0x66b053], 0 <0x7ffff7dd79fc>
   0x7ffff776c9a9 <check_POLYLINE_handles+361>    je     check_POLYLINE_handles+545 <0x7ffff776ca61>
    ↓
   0x7ffff776ca61 <check_POLYLINE_handles+545>    cmp    dword ptr [r12 + 0xc], ebx
   0x7ffff776ca66 <check_POLYLINE_handles+550>    ja     check_POLYLINE_handles+518 <0x7ffff776ca46>
    ↓
   0x7ffff776ca46 <check_POLYLINE_handles+518>    mov    rax, qword ptr [r12 + 0x20]
─────────────────────────────────────────────────────────────────────────────[ SOURCE (CODE) ]──────────────────────────────────────────────────────────────────────────────
In file: /home/xxx/workplace/libredwg-0.9.2400/src/decode.c
   4205         { // maybe a reactor pointing forwards or vertex
   4206           LOG_WARN ("Wrong POLYLINE.layer %lX",
   4207                     layer ? layer->handleref.value : 0L);
   4208           if (_obj->num_owned > 0)
   4209             {
 ► 4210               Dwg_Object_Ref *vertex = _obj->vertex[0];
   4211               if (vertex && !vertex->obj)
   4212                 vertex->obj = dwg_ref_object_relative (dwg, vertex, obj);
   4213               if (vertex && vertex->obj /* pointing backwards */
   4214                   && vertex->obj->fixedtype == DWG_TYPE_LAYER)
   4215                 {
─────────────────────────────────────────────────────────────────────────────────[ STACK ]──────────────────────────────────────────────────────────────────────────────────
00:0000│ rsp  0x7fffffffdb10 ◂— 0x0
01:0008│      0x7fffffffdb18 —▸ 0x6032a0 (g_dwg) ◂— 0x1200000012
02:0010│      0x7fffffffdb20 ◂— 0x0
03:0018│      0x7fffffffdb28 —▸ 0x60d6e0 ◂— 0x18c
04:0020│      0x7fffffffdb30 —▸ 0x7fffffffdd50 —▸ 0x61649b ◂— 0x61004c0079004207
05:0028│      0x7fffffffdb38 ◂— 0x7400
06:0030│      0x7fffffffdb40 —▸ 0x6131b0 ◂— 0xc3d000d00000dca
07:0038│      0x7fffffffdb48 —▸ 0x7ffff79389ab (dwg_decode_add_object+3995) ◂— jmp    0x7ffff7937d60
───────────────────────────────────────────────────────────────────────────────[ BACKTRACE ]────────────────────────────────────────────────────────────────────────────────
 ► f 0     7ffff776c904 check_POLYLINE_handles+196
   f 1     7ffff79389ab dwg_decode_add_object+3995
   f 2     7ffff79430d3 decode_R2004+1651
   f 3     7ffff79430d3 decode_R2004+1651
   f 4     7ffff79472f1 dwg_decode+2305
   f 5     7ffff77ef34b dwg_read_file+491
   f 6           4014ee main+510
   f 7           4014ee main+510
   f 8     7ffff707df45 __libc_start_main+245
────────────────────────────────────────────────────────────────────────────────────────────────────────────────────────────────────────────────────────────────────────────
Program received signal SIGSEGV (fault address 0x0)
pwndbg> p _obj->vertex 
$1 = (BITCODE_H *) 0x0
pwndbg> bt
#0  0x00007ffff776c904 in check_POLYLINE_handles (obj=obj@entry=0x60d6e0) at decode.c:4210
#1  0x00007ffff79389ab in dwg_decode_add_object (dwg=dwg@entry=0x6032a0 <g_dwg>, dat=dat@entry=0x7fffffffdd50, hdl_dat=hdl_dat@entry=0x7fffffffdd50, address=address@entry=13031) at decode.c:4663
#2  0x00007ffff79430d3 in read_2004_section_handles (dwg=0x6032a0 <g_dwg>, dat=0x7fffffffdec0) at decode.c:2578
#3  decode_R2004 (dat=dat@entry=0x7fffffffdec0, dwg=dwg@entry=0x6032a0 <g_dwg>) at decode.c:2848
#4  0x00007ffff79472f1 in dwg_decode (dat=dat@entry=0x7fffffffdec0, dwg=dwg@entry=0x6032a0 <g_dwg>) at decode.c:245
#5  0x00007ffff77ef34b in dwg_read_file (filename=0x7fffffffe3b3 "libredwg2400-null-ptr-dereference.dwg", dwg=dwg@entry=0x6032a0 <g_dwg>) at dwg.c:206
#6  0x00000000004014ee in test_SVG (filename=<optimized out>) at dwg2svg2.c:119
#7  main (argc=argc@entry=2, argv=argv@entry=0x7fffffffe0f8) at dwg2svg2.c:504
#8  0x00007ffff707df45 in __libc_start_main (main=0x4012f0 <main>, argc=2, argv=0x7fffffffe0f8, init=<optimized out>, fini=<optimized out>, rtld_fini=<optimized out>, stack_end=0x7fffffffe0e8) at libc-start.c:287
#9  0x0000000000401770 in _start ()
pwndbg> 

```

poc
```
https://github.com/hac425xxx/fuzzdata/blob/master/libredwg2400-null-ptr-dereference.dwg
```
